2024-12-09 23:14:50 - DEBUG - Изменение количества переменных: 2
2024-12-09 23:14:50 - INFO - Количество переменных установлено: 2. Заголовки обновлены.
2024-12-09 23:14:50 - DEBUG - Изменение количества уравнений: 2. Старое количество строк: 2.
2024-12-09 23:14:50 - INFO - Количество строк в таблице обновлено. Данные восстановлены.
2024-12-09 23:14:55 - INFO - Запуск метода Гаусса для решения системы уравнений.
2024-12-09 23:14:55 - DEBUG - Выбор главного элемента в столбце 0, строка 3.
2024-12-09 23:14:55 - DEBUG - Перестановка строк 0 и 3.
2024-12-09 23:14:55 - DEBUG - Выбор главного элемента в столбце 1, строка 1.
2024-12-09 23:14:55 - ERROR - Система несовместна: элемент на главной диагонали равен нулю.
2024-12-09 23:15:00 - INFO - Запуск метода Гаусса для решения системы уравнений.
2024-12-09 23:15:00 - DEBUG - Выбор главного элемента в столбце 0, строка 10.
2024-12-09 23:15:00 - DEBUG - Перестановка строк 0 и 10.
2024-12-09 23:15:00 - DEBUG - Выбор главного элемента в столбце 1, строка 11.
2024-12-09 23:15:00 - DEBUG - Перестановка строк 1 и 11.
2024-12-09 23:15:00 - DEBUG - Выбор главного элемента в столбце 2, строка 7.
2024-12-09 23:15:00 - DEBUG - Перестановка строк 2 и 7.
2024-12-09 23:15:00 - DEBUG - Выбор главного элемента в столбце 3, строка 9.
2024-12-09 23:15:00 - DEBUG - Перестановка строк 3 и 9.
2024-12-09 23:15:00 - DEBUG - Выбор главного элемента в столбце 4, строка 4.
2024-12-09 23:15:00 - ERROR - Система несовместна: элемент на главной диагонали равен нулю.
2024-12-09 23:17:33 - DEBUG - Изменение количества переменных: 2
2024-12-09 23:17:33 - INFO - Количество переменных установлено: 2. Заголовки обновлены.
2024-12-09 23:17:33 - DEBUG - Изменение количества уравнений: 2. Старое количество строк: 2.
2024-12-09 23:17:33 - INFO - Количество строк в таблице обновлено. Данные восстановлены.
2024-12-09 23:17:46 - INFO - Запуск метода Гаусса для решения системы уравнений.
2024-12-09 23:17:46 - DEBUG - Выбор главного элемента в столбце 0, строка 0.
2024-12-09 23:17:46 - ERROR - Система несовместна: элемент на главной диагонали равен нулю.
2024-12-09 23:17:54 - INFO - Запуск метода Гаусса для решения системы уравнений.
2024-12-09 23:17:54 - DEBUG - Выбор главного элемента в столбце 0, строка 0.
2024-12-09 23:17:54 - ERROR - Система несовместна: элемент на главной диагонали равен нулю.
2024-12-09 23:18:01 - INFO - Запуск метода Гаусса для решения системы уравнений.
2024-12-09 23:18:01 - DEBUG - Выбор главного элемента в столбце 0, строка 0.
2024-12-09 23:18:01 - ERROR - Система несовместна: элемент на главной диагонали равен нулю.
2024-12-09 23:18:11 - INFO - Запуск метода Гаусса для решения системы уравнений.
2024-12-09 23:18:11 - DEBUG - Выбор главного элемента в столбце 0, строка 3.
2024-12-09 23:18:11 - DEBUG - Перестановка строк 0 и 3.
2024-12-09 23:18:11 - DEBUG - Выбор главного элемента в столбце 1, строка 1.
2024-12-09 23:18:11 - DEBUG - Выбор главного элемента в столбце 2, строка 2.
2024-12-09 23:18:18 - INFO - Запуск метода Гаусса для решения системы уравнений.
2024-12-09 23:18:18 - DEBUG - Выбор главного элемента в столбце 0, строка 2.
2024-12-09 23:18:18 - DEBUG - Перестановка строк 0 и 2.
2024-12-09 23:18:18 - DEBUG - Выбор главного элемента в столбце 1, строка 1.
2024-12-09 23:18:18 - DEBUG - Выбор главного элемента в столбце 2, строка 2.
2024-12-09 23:18:18 - ERROR - Система несовместна: строка состоит из нулей, но свободный член не равен нулю.
2024-12-09 23:18:19 - INFO - Запуск метода Гаусса для решения системы уравнений.
2024-12-09 23:18:19 - DEBUG - Выбор главного элемента в столбце 0, строка 2.
2024-12-09 23:18:19 - DEBUG - Перестановка строк 0 и 2.
2024-12-09 23:18:19 - DEBUG - Выбор главного элемента в столбце 1, строка 1.
2024-12-09 23:18:19 - DEBUG - Выбор главного элемента в столбце 2, строка 2.
2024-12-09 23:18:19 - ERROR - Система несовместна: строка состоит из нулей, но свободный член не равен нулю.
2024-12-09 23:18:22 - INFO - Запуск метода Гаусса для решения системы уравнений.
2024-12-09 23:18:22 - DEBUG - Выбор главного элемента в столбце 0, строка 0.
2024-12-09 23:18:22 - DEBUG - Выбор главного элемента в столбце 1, строка 1.
2024-12-09 23:18:22 - INFO - Система приведена к верхнему треугольному виду. Переход к обратному ходу.
2024-12-09 23:18:22 - DEBUG - Решение для переменной 1: 2.
2024-12-09 23:18:22 - DEBUG - Решение для переменной 0: -2.
2024-12-09 23:18:22 - INFO - Решение системы получено.
2024-12-09 23:18:26 - INFO - Запуск метода Гаусса для решения системы уравнений.
2024-12-09 23:18:26 - DEBUG - Выбор главного элемента в столбце 0, строка 0.
2024-12-09 23:18:26 - DEBUG - Выбор главного элемента в столбце 1, строка 1.
2024-12-09 23:18:26 - INFO - Система приведена к верхнему треугольному виду. Переход к обратному ходу.
2024-12-09 23:18:26 - DEBUG - Решение для переменной 1: 2.
2024-12-09 23:18:26 - DEBUG - Решение для переменной 0: -2.
2024-12-09 23:18:26 - INFO - Решение системы получено.
2024-12-09 23:18:27 - INFO - Запуск метода Гаусса для решения системы уравнений.
2024-12-09 23:18:27 - DEBUG - Выбор главного элемента в столбце 0, строка 0.
2024-12-09 23:18:27 - DEBUG - Выбор главного элемента в столбце 1, строка 1.
2024-12-09 23:18:27 - INFO - Система приведена к верхнему треугольному виду. Переход к обратному ходу.
2024-12-09 23:18:27 - DEBUG - Решение для переменной 1: 2.
2024-12-09 23:18:27 - DEBUG - Решение для переменной 0: -2.
2024-12-09 23:18:27 - INFO - Решение системы получено.
2024-12-09 23:19:17 - INFO - Запуск диалога сохранения файла
2024-12-09 23:19:23 - INFO - Файл успешно сохранён: C:\Users\Ann-NOTE\Desktop\jhjhdjhs.txt
2024-12-09 23:19:45 - INFO - Запуск диалога печати
2024-12-09 23:19:47 - INFO - Печать отменена пользователем
2024-12-09 23:19:49 - INFO - Запуск метода Гаусса для решения системы уравнений.
2024-12-09 23:19:49 - DEBUG - Выбор главного элемента в столбце 0, строка 0.
2024-12-09 23:19:49 - DEBUG - Выбор главного элемента в столбце 1, строка 1.
2024-12-09 23:19:49 - INFO - Система приведена к верхнему треугольному виду. Переход к обратному ходу.
2024-12-09 23:19:49 - DEBUG - Решение для переменной 1: 2.
2024-12-09 23:19:49 - DEBUG - Решение для переменной 0: -2.
2024-12-09 23:19:49 - INFO - Решение системы получено.
2024-12-09 23:19:56 - INFO - Запуск метода Гаусса для решения системы уравнений.
2024-12-09 23:19:56 - DEBUG - Выбор главного элемента в столбце 0, строка 0.
2024-12-09 23:19:56 - DEBUG - Выбор главного элемента в столбце 1, строка 1.
2024-12-09 23:19:56 - INFO - Система приведена к верхнему треугольному виду. Переход к обратному ходу.
2024-12-09 23:19:56 - DEBUG - Решение для переменной 1: -1.
2024-12-09 23:19:56 - DEBUG - Решение для переменной 0: 5,5.
2024-12-09 23:19:56 - INFO - Решение системы получено.
2024-12-09 23:20:07 - DEBUG - Изменение количества переменных: 2
2024-12-09 23:20:07 - INFO - Количество переменных установлено: 2. Заголовки обновлены.
2024-12-09 23:20:07 - DEBUG - Изменение количества уравнений: 2. Старое количество строк: 2.
2024-12-09 23:20:07 - INFO - Количество строк в таблице обновлено. Данные восстановлены.
2024-12-09 23:20:09 - INFO - Запуск метода Гаусса для решения системы уравнений.
2024-12-09 23:20:09 - DEBUG - Выбор главного элемента в столбце 0, строка 0.
2024-12-09 23:20:09 - ERROR - Система несовместна: элемент на главной диагонали равен нулю.
2024-12-09 23:20:13 - DEBUG - Изменение количества переменных: 2
2024-12-09 23:20:13 - INFO - Количество переменных установлено: 2. Заголовки обновлены.
2024-12-09 23:20:13 - DEBUG - Изменение количества уравнений: 2. Старое количество строк: 2.
2024-12-09 23:20:13 - INFO - Количество строк в таблице обновлено. Данные восстановлены.
2024-12-09 23:20:57 - INFO - Запуск метода Гаусса для решения системы уравнений.
2024-12-09 23:20:57 - DEBUG - Выбор главного элемента в столбце 0, строка 0.
2024-12-09 23:20:57 - DEBUG - Выбор главного элемента в столбце 1, строка 1.
2024-12-09 23:20:57 - ERROR - Система несовместна: элемент на главной диагонали равен нулю.
2024-12-09 23:21:03 - INFO - Запуск метода Гаусса для решения системы уравнений.
2024-12-09 23:21:03 - DEBUG - Выбор главного элемента в столбце 0, строка 0.
2024-12-09 23:21:03 - DEBUG - Выбор главного элемента в столбце 1, строка 1.
2024-12-09 23:21:03 - INFO - Система приведена к верхнему треугольному виду. Переход к обратному ходу.
2024-12-09 23:21:03 - DEBUG - Решение для переменной 1: -436.
2024-12-09 23:21:03 - DEBUG - Решение для переменной 0: 547.
2024-12-09 23:21:03 - INFO - Решение системы получено.
2024-12-09 23:21:35 - INFO - Запуск метода Гаусса для решения системы уравнений.
2024-12-09 23:21:35 - DEBUG - Выбор главного элемента в столбце 0, строка 0.
2024-12-09 23:21:35 - ERROR - Система несовместна: элемент на главной диагонали равен нулю.
2024-12-09 23:21:46 - INFO - Запуск метода Гаусса для решения системы уравнений.
2024-12-09 23:21:46 - DEBUG - Выбор главного элемента в столбце 0, строка 0.
2024-12-09 23:21:46 - ERROR - Система несовместна: элемент на главной диагонали равен нулю.
2024-12-09 23:23:40 - INFO - Запуск метода Гаусса для решения системы уравнений.
2024-12-09 23:23:40 - DEBUG - Выбор главного элемента в столбце 0, строка 2.
2024-12-09 23:23:40 - DEBUG - Перестановка строк 0 и 2.
2024-12-09 23:23:40 - DEBUG - Выбор главного элемента в столбце 1, строка 3.
2024-12-09 23:23:40 - DEBUG - Перестановка строк 1 и 3.
2024-12-09 23:23:40 - DEBUG - Выбор главного элемента в столбце 2, строка 2.
2024-12-09 23:23:40 - ERROR - Система несовместна: элемент на главной диагонали равен нулю.
2024-12-09 23:23:49 - INFO - Запуск диалога сохранения файла
2024-12-09 23:24:09 - INFO - Запуск метода Гаусса для решения системы уравнений.
2024-12-09 23:24:09 - DEBUG - Выбор главного элемента в столбце 0, строка 2.
2024-12-09 23:24:09 - DEBUG - Перестановка строк 0 и 2.
2024-12-09 23:24:09 - DEBUG - Выбор главного элемента в столбце 1, строка 1.
2024-12-09 23:24:09 - ERROR - Система несовместна: элемент на главной диагонали равен нулю.
2024-12-09 23:24:14 - INFO - Запуск метода Гаусса для решения системы уравнений.
2024-12-09 23:24:14 - DEBUG - Выбор главного элемента в столбце 0, строка 2.
2024-12-09 23:24:14 - DEBUG - Перестановка строк 0 и 2.
2024-12-09 23:24:14 - DEBUG - Выбор главного элемента в столбце 1, строка 1.
2024-12-09 23:24:14 - ERROR - Система несовместна: элемент на главной диагонали равен нулю.
2024-12-09 23:24:22 - INFO - Запуск метода Гаусса для решения системы уравнений.
2024-12-09 23:24:22 - DEBUG - Выбор главного элемента в столбце 0, строка 2.
2024-12-09 23:24:22 - DEBUG - Перестановка строк 0 и 2.
2024-12-09 23:24:22 - DEBUG - Выбор главного элемента в столбце 1, строка 1.
2024-12-09 23:24:22 - ERROR - Система несовместна: элемент на главной диагонали равен нулю.
2024-12-09 23:24:30 - INFO - Запуск диалога сохранения файла
2024-12-09 23:24:36 - INFO - Запуск метода Гаусса для решения системы уравнений.
2024-12-09 23:24:36 - DEBUG - Выбор главного элемента в столбце 0, строка 2.
2024-12-09 23:24:36 - DEBUG - Перестановка строк 0 и 2.
2024-12-09 23:24:36 - DEBUG - Выбор главного элемента в столбце 1, строка 1.
2024-12-09 23:24:36 - ERROR - Система несовместна: элемент на главной диагонали равен нулю.
2024-12-09 23:25:04 - INFO - Запуск диалога сохранения файла
2024-12-09 23:25:15 - DEBUG - Изменение количества переменных: 2
2024-12-09 23:25:15 - INFO - Количество переменных установлено: 2. Заголовки обновлены.
2024-12-09 23:25:15 - DEBUG - Изменение количества уравнений: 2. Старое количество строк: 2.
2024-12-09 23:25:15 - INFO - Количество строк в таблице обновлено. Данные восстановлены.
2024-12-09 23:25:39 - INFO - Запуск метода Гаусса для решения системы уравнений.
2024-12-09 23:25:39 - DEBUG - Выбор главного элемента в столбце 0, строка 0.
2024-12-09 23:25:39 - ERROR - Система несовместна: элемент на главной диагонали равен нулю.
2024-12-09 23:25:40 - INFO - Запуск диалога сохранения файла
2024-12-09 23:26:57 - DEBUG - Изменение количества переменных: 2
2024-12-09 23:26:57 - INFO - Количество переменных установлено: 2. Заголовки обновлены.
2024-12-09 23:26:57 - DEBUG - Изменение количества уравнений: 2. Старое количество строк: 2.
2024-12-09 23:26:57 - INFO - Количество строк в таблице обновлено. Данные восстановлены.
2024-12-09 23:27:04 - INFO - Запуск метода Гаусса для решения системы уравнений.
2024-12-09 23:27:04 - DEBUG - Выбор главного элемента в столбце 0, строка 1.
2024-12-09 23:27:04 - DEBUG - Перестановка строк 0 и 1.
2024-12-09 23:27:04 - DEBUG - Выбор главного элемента в столбце 1, строка 1.
2024-12-09 23:27:04 - INFO - Система приведена к верхнему треугольному виду. Переход к обратному ходу.
2024-12-09 23:27:04 - DEBUG - Решение для переменной 1: 0,666666666666667.
2024-12-09 23:27:04 - DEBUG - Решение для переменной 0: -0,333333333333333.
2024-12-09 23:27:04 - INFO - Решение системы получено.
2024-12-09 23:27:09 - INFO - Запуск метода Гаусса для решения системы уравнений.
2024-12-09 23:27:09 - DEBUG - Выбор главного элемента в столбце 0, строка 1.
2024-12-09 23:27:09 - DEBUG - Перестановка строк 0 и 1.
2024-12-09 23:27:09 - DEBUG - Выбор главного элемента в столбце 1, строка 1.
2024-12-09 23:27:09 - INFO - Система приведена к верхнему треугольному виду. Переход к обратному ходу.
2024-12-09 23:27:09 - DEBUG - Решение для переменной 1: 0,666666666666667.
2024-12-09 23:27:09 - DEBUG - Решение для переменной 0: -0,333333333333333.
2024-12-09 23:27:09 - INFO - Решение системы получено.
2024-12-09 23:27:13 - INFO - Запуск метода Гаусса для решения системы уравнений.
2024-12-09 23:27:13 - DEBUG - Выбор главного элемента в столбце 0, строка 1.
2024-12-09 23:27:13 - DEBUG - Перестановка строк 0 и 1.
2024-12-09 23:27:13 - DEBUG - Выбор главного элемента в столбце 1, строка 1.
2024-12-09 23:27:13 - INFO - Система приведена к верхнему треугольному виду. Переход к обратному ходу.
2024-12-09 23:27:13 - DEBUG - Решение для переменной 1: 0,666666666666667.
2024-12-09 23:27:13 - DEBUG - Решение для переменной 0: -0,333333333333333.
2024-12-09 23:27:13 - INFO - Решение системы получено.
2024-12-09 23:27:17 - INFO - Запуск метода Гаусса для решения системы уравнений.
2024-12-09 23:27:17 - DEBUG - Выбор главного элемента в столбце 0, строка 1.
2024-12-09 23:27:17 - DEBUG - Перестановка строк 0 и 1.
2024-12-09 23:27:17 - DEBUG - Выбор главного элемента в столбце 1, строка 1.
2024-12-09 23:27:17 - INFO - Система приведена к верхнему треугольному виду. Переход к обратному ходу.
2024-12-09 23:27:17 - DEBUG - Решение для переменной 1: 0,666666666666667.
2024-12-09 23:27:17 - DEBUG - Решение для переменной 0: -0,333333333333333.
2024-12-09 23:27:17 - INFO - Решение системы получено.
2024-12-09 23:28:07 - INFO - Запуск метода Гаусса для решения системы уравнений.
2024-12-09 23:28:07 - DEBUG - Выбор главного элемента в столбце 0, строка 1.
2024-12-09 23:28:07 - DEBUG - Перестановка строк 0 и 1.
2024-12-09 23:28:07 - DEBUG - Выбор главного элемента в столбце 1, строка 1.
2024-12-09 23:28:07 - INFO - Система приведена к верхнему треугольному виду. Переход к обратному ходу.
2024-12-09 23:28:07 - DEBUG - Решение для переменной 1: 0,666666666666667.
2024-12-09 23:28:07 - DEBUG - Решение для переменной 0: -0,333333333333333.
2024-12-09 23:28:07 - INFO - Решение системы получено.
2024-12-09 23:28:12 - INFO - Запуск метода Гаусса для решения системы уравнений.
2024-12-09 23:28:12 - DEBUG - Выбор главного элемента в столбце 0, строка 1.
2024-12-09 23:28:12 - DEBUG - Перестановка строк 0 и 1.
2024-12-09 23:28:12 - DEBUG - Выбор главного элемента в столбце 1, строка 1.
2024-12-09 23:28:12 - INFO - Система приведена к верхнему треугольному виду. Переход к обратному ходу.
2024-12-09 23:28:12 - DEBUG - Решение для переменной 1: 0,666666666666667.
2024-12-09 23:28:12 - DEBUG - Решение для переменной 0: -0,333333333333333.
2024-12-09 23:28:12 - INFO - Решение системы получено.
2024-12-09 23:28:25 - INFO - Запуск метода Гаусса для решения системы уравнений.
2024-12-09 23:28:25 - DEBUG - Выбор главного элемента в столбце 0, строка 1.
2024-12-09 23:28:25 - DEBUG - Перестановка строк 0 и 1.
2024-12-09 23:28:25 - DEBUG - Выбор главного элемента в столбце 1, строка 1.
2024-12-09 23:28:25 - INFO - Система приведена к верхнему треугольному виду. Переход к обратному ходу.
2024-12-09 23:28:25 - DEBUG - Решение для переменной 1: 0,666666666666667.
2024-12-09 23:28:25 - DEBUG - Решение для переменной 0: -0,333333333333333.
2024-12-09 23:28:25 - INFO - Решение системы получено.
2024-12-09 23:28:37 - INFO - Запуск метода Гаусса для решения системы уравнений.
2024-12-09 23:28:37 - DEBUG - Выбор главного элемента в столбце 0, строка 1.
2024-12-09 23:28:37 - DEBUG - Перестановка строк 0 и 1.
2024-12-09 23:28:37 - DEBUG - Выбор главного элемента в столбце 1, строка 1.
2024-12-09 23:28:37 - INFO - Система приведена к верхнему треугольному виду. Переход к обратному ходу.
2024-12-09 23:28:37 - DEBUG - Решение для переменной 1: 0,666666666666667.
2024-12-09 23:28:37 - DEBUG - Решение для переменной 0: -0,333333333333333.
2024-12-09 23:28:37 - INFO - Решение системы получено.
2024-12-09 23:39:09 - DEBUG - Изменение количества переменных: 2
2024-12-09 23:39:09 - INFO - Количество переменных установлено: 2. Заголовки обновлены.
2024-12-09 23:39:09 - DEBUG - Изменение количества уравнений: 2. Старое количество строк: 2.
2024-12-09 23:39:09 - INFO - Количество строк в таблице обновлено. Данные восстановлены.
2024-12-10 00:23:01 - DEBUG - Изменение количества переменных: 2
2024-12-10 00:23:01 - INFO - Количество переменных установлено: 2. Заголовки обновлены.
2024-12-10 00:23:01 - DEBUG - Изменение количества уравнений: 2. Старое количество строк: 2.
2024-12-10 00:23:01 - INFO - Количество строк в таблице обновлено. Данные восстановлены.
2024-12-10 00:32:21 - DEBUG - Изменение количества переменных: 2
2024-12-10 00:32:21 - INFO - Количество переменных установлено: 2. Заголовки обновлены.
2024-12-10 00:32:21 - DEBUG - Изменение количества уравнений: 2. Старое количество строк: 2.
2024-12-10 00:32:21 - INFO - Количество строк в таблице обновлено. Данные восстановлены.
2024-12-10 00:32:34 - DEBUG - Изменение количества переменных: 2
2024-12-10 00:32:34 - INFO - Количество переменных установлено: 2. Заголовки обновлены.
2024-12-10 00:32:34 - DEBUG - Изменение количества уравнений: 2. Старое количество строк: 2.
2024-12-10 00:32:34 - INFO - Количество строк в таблице обновлено. Данные восстановлены.
2024-12-10 00:34:01 - DEBUG - Изменение количества переменных: 2
2024-12-10 00:34:01 - INFO - Количество переменных установлено: 2. Заголовки обновлены.
2024-12-10 00:34:01 - DEBUG - Изменение количества уравнений: 2. Старое количество строк: 2.
2024-12-10 00:34:01 - INFO - Количество строк в таблице обновлено. Данные восстановлены.
2024-12-10 00:35:04 - DEBUG - Изменение количества переменных: 2
2024-12-10 00:35:04 - INFO - Количество переменных установлено: 2. Заголовки обновлены.
2024-12-10 00:35:04 - DEBUG - Изменение количества уравнений: 2. Старое количество строк: 2.
2024-12-10 00:35:04 - INFO - Количество строк в таблице обновлено. Данные восстановлены.
2024-12-10 00:37:23 - DEBUG - Изменение количества переменных: 2
2024-12-10 00:37:23 - INFO - Количество переменных установлено: 2. Заголовки обновлены.
2024-12-10 00:37:23 - DEBUG - Изменение количества уравнений: 2. Старое количество строк: 2.
2024-12-10 00:37:23 - INFO - Количество строк в таблице обновлено. Данные восстановлены.
2024-12-10 00:38:46 - DEBUG - Изменение количества переменных: 2
2024-12-10 00:38:46 - INFO - Количество переменных установлено: 2. Заголовки обновлены.
2024-12-10 00:38:46 - DEBUG - Изменение количества уравнений: 2. Старое количество строк: 2.
2024-12-10 00:38:46 - INFO - Количество строк в таблице обновлено. Данные восстановлены.
2024-12-10 00:40:04 - DEBUG - Изменение количества переменных: 2
2024-12-10 00:40:04 - INFO - Количество переменных установлено: 2. Заголовки обновлены.
2024-12-10 00:40:04 - DEBUG - Изменение количества уравнений: 2. Старое количество строк: 2.
2024-12-10 00:40:04 - INFO - Количество строк в таблице обновлено. Данные восстановлены.
2024-12-10 00:41:39 - DEBUG - Изменение количества переменных: 2
2024-12-10 00:41:39 - INFO - Количество переменных установлено: 2. Заголовки обновлены.
2024-12-10 00:41:39 - DEBUG - Изменение количества уравнений: 2. Старое количество строк: 2.
2024-12-10 00:41:39 - INFO - Количество строк в таблице обновлено. Данные восстановлены.
2024-12-10 00:42:30 - DEBUG - Изменение количества переменных: 2
2024-12-10 00:42:30 - INFO - Количество переменных установлено: 2. Заголовки обновлены.
2024-12-10 00:42:30 - DEBUG - Изменение количества уравнений: 2. Старое количество строк: 2.
2024-12-10 00:42:30 - INFO - Количество строк в таблице обновлено. Данные восстановлены.
2024-12-10 00:43:01 - DEBUG - Изменение количества переменных: 2
2024-12-10 00:43:01 - INFO - Количество переменных установлено: 2. Заголовки обновлены.
2024-12-10 00:43:01 - DEBUG - Изменение количества уравнений: 2. Старое количество строк: 2.
2024-12-10 00:43:01 - INFO - Количество строк в таблице обновлено. Данные восстановлены.
2024-12-10 00:44:40 - DEBUG - Изменение количества переменных: 2
2024-12-10 00:44:40 - INFO - Количество переменных установлено: 2. Заголовки обновлены.
2024-12-10 00:44:40 - DEBUG - Изменение количества уравнений: 2. Старое количество строк: 2.
2024-12-10 00:44:40 - INFO - Количество строк в таблице обновлено. Данные восстановлены.
2024-12-10 00:45:24 - DEBUG - Изменение количества переменных: 2
2024-12-10 00:45:24 - INFO - Количество переменных установлено: 2. Заголовки обновлены.
2024-12-10 00:45:24 - DEBUG - Изменение количества уравнений: 2. Старое количество строк: 2.
2024-12-10 00:45:24 - INFO - Количество строк в таблице обновлено. Данные восстановлены.
2024-12-10 00:46:09 - DEBUG - Изменение количества переменных: 2
2024-12-10 00:46:09 - INFO - Количество переменных установлено: 2. Заголовки обновлены.
2024-12-10 00:46:09 - DEBUG - Изменение количества уравнений: 2. Старое количество строк: 2.
2024-12-10 00:46:09 - INFO - Количество строк в таблице обновлено. Данные восстановлены.
2024-12-10 00:48:10 - DEBUG - Изменение количества переменных: 2
2024-12-10 00:48:10 - INFO - Количество переменных установлено: 2. Заголовки обновлены.
2024-12-10 00:48:10 - DEBUG - Изменение количества уравнений: 2. Старое количество строк: 2.
2024-12-10 00:48:10 - INFO - Количество строк в таблице обновлено. Данные восстановлены.
2024-12-10 00:50:40 - DEBUG - Изменение количества переменных: 2
2024-12-10 00:50:40 - INFO - Количество переменных установлено: 2. Заголовки обновлены.
2024-12-10 00:50:40 - DEBUG - Изменение количества уравнений: 2. Старое количество строк: 2.
2024-12-10 00:50:40 - INFO - Количество строк в таблице обновлено. Данные восстановлены.
2024-12-10 00:54:14 - DEBUG - Изменение количества переменных: 2
2024-12-10 00:54:14 - INFO - Количество переменных установлено: 2. Заголовки обновлены.
2024-12-10 00:54:14 - DEBUG - Изменение количества уравнений: 2. Старое количество строк: 2.
2024-12-10 00:54:14 - INFO - Количество строк в таблице обновлено. Данные восстановлены.
2024-12-10 00:54:20 - INFO - Запуск метода Гаусса для решения системы уравнений.
2024-12-10 00:54:20 - DEBUG - Выбор главного элемента в столбце 0, строка 0.
2024-12-10 00:54:20 - ERROR - Система несовместна: элемент на главной диагонали равен нулю.
2024-12-10 02:32:02 - DEBUG - Изменение количества переменных: 2
2024-12-10 02:32:02 - INFO - Количество переменных установлено: 2. Заголовки обновлены.
2024-12-10 02:32:02 - DEBUG - Изменение количества уравнений: 2. Старое количество строк: 2.
2024-12-10 02:32:02 - INFO - Количество строк в таблице обновлено. Данные восстановлены.
2024-12-10 02:32:08 - INFO - Запуск метода Гаусса.
2024-12-10 02:32:08 - DEBUG - Выбор главного элемента в столбце 0, строка 2.
2024-12-10 02:32:08 - DEBUG - Перестановка строк 0 и 2.
2024-12-10 02:32:08 - DEBUG - Выбор главного элемента в столбце 1, строка 1.
2024-12-10 02:32:08 - DEBUG - Выбор главного элемента в столбце 2, строка 2.
2024-12-10 02:32:08 - DEBUG - Выбор главного элемента в столбце 3, строка 3.
2024-12-10 02:32:08 - INFO - Система приведена к верхнему треугольному виду.
2024-12-10 02:32:08 - DEBUG - Решение для переменной 3: 8,46666666666665.
2024-12-10 02:32:08 - DEBUG - Решение для переменной 2: -2,2.
2024-12-10 02:32:08 - DEBUG - Решение для переменной 1: 5,13333333333332.
2024-12-10 02:32:08 - DEBUG - Решение для переменной 0: -15,6.
2024-12-10 02:32:08 - INFO - Решение получено.
2024-12-10 02:32:17 - INFO - Запуск метода Гаусса.
2024-12-10 02:32:17 - DEBUG - Выбор главного элемента в столбце 0, строка 5.
2024-12-10 02:32:17 - DEBUG - Перестановка строк 0 и 5.
2024-12-10 02:32:17 - DEBUG - Выбор главного элемента в столбце 1, строка 14.
2024-12-10 02:32:17 - DEBUG - Перестановка строк 1 и 14.
2024-12-10 02:32:17 - DEBUG - Выбор главного элемента в столбце 2, строка 11.
2024-12-10 02:32:17 - DEBUG - Перестановка строк 2 и 11.
2024-12-10 02:32:17 - DEBUG - Выбор главного элемента в столбце 3, строка 35.
2024-12-10 02:32:17 - DEBUG - Перестановка строк 3 и 35.
2024-12-10 02:32:17 - DEBUG - Выбор главного элемента в столбце 4, строка 39.
2024-12-10 02:32:17 - DEBUG - Перестановка строк 4 и 39.
2024-12-10 02:32:17 - DEBUG - Выбор главного элемента в столбце 5, строка 17.
2024-12-10 02:32:17 - DEBUG - Перестановка строк 5 и 17.
2024-12-10 02:32:17 - DEBUG - Выбор главного элемента в столбце 6, строка 28.
2024-12-10 02:32:17 - DEBUG - Перестановка строк 6 и 28.
2024-12-10 02:32:17 - DEBUG - Выбор главного элемента в столбце 7, строка 37.
2024-12-10 02:32:17 - DEBUG - Перестановка строк 7 и 37.
2024-12-10 02:32:17 - DEBUG - Выбор главного элемента в столбце 8, строка 28.
2024-12-10 02:32:17 - DEBUG - Перестановка строк 8 и 28.
2024-12-10 02:32:17 - DEBUG - Выбор главного элемента в столбце 9, строка 13.
2024-12-10 02:32:17 - DEBUG - Перестановка строк 9 и 13.
2024-12-10 02:32:17 - DEBUG - Выбор главного элемента в столбце 10, строка 23.
2024-12-10 02:32:17 - DEBUG - Перестановка строк 10 и 23.
2024-12-10 02:32:17 - DEBUG - Выбор главного элемента в столбце 11, строка 36.
2024-12-10 02:32:17 - DEBUG - Перестановка строк 11 и 36.
2024-12-10 02:32:17 - DEBUG - Выбор главного элемента в столбце 12, строка 47.
2024-12-10 02:32:17 - DEBUG - Перестановка строк 12 и 47.
2024-12-10 02:32:17 - DEBUG - Выбор главного элемента в столбце 13, строка 19.
2024-12-10 02:32:17 - DEBUG - Перестановка строк 13 и 19.
2024-12-10 02:32:17 - DEBUG - Выбор главного элемента в столбце 14, строка 16.
2024-12-10 02:32:17 - DEBUG - Перестановка строк 14 и 16.
2024-12-10 02:32:17 - DEBUG - Выбор главного элемента в столбце 15, строка 20.
2024-12-10 02:32:17 - DEBUG - Перестановка строк 15 и 20.
2024-12-10 02:32:17 - DEBUG - Выбор главного элемента в столбце 16, строка 21.
2024-12-10 02:32:17 - DEBUG - Перестановка строк 16 и 21.
2024-12-10 02:32:17 - DEBUG - Выбор главного элемента в столбце 17, строка 37.
2024-12-10 02:32:17 - DEBUG - Перестановка строк 17 и 37.
2024-12-10 02:32:17 - DEBUG - Выбор главного элемента в столбце 18, строка 36.
2024-12-10 02:32:17 - DEBUG - Перестановка строк 18 и 36.
2024-12-10 02:32:17 - DEBUG - Выбор главного элемента в столбце 19, строка 32.
2024-12-10 02:32:17 - DEBUG - Перестановка строк 19 и 32.
2024-12-10 02:32:17 - DEBUG - Выбор главного элемента в столбце 20, строка 33.
2024-12-10 02:32:17 - DEBUG - Перестановка строк 20 и 33.
2024-12-10 02:32:17 - DEBUG - Выбор главного элемента в столбце 21, строка 36.
2024-12-10 02:32:17 - DEBUG - Перестановка строк 21 и 36.
2024-12-10 02:32:17 - DEBUG - Выбор главного элемента в столбце 22, строка 47.
2024-12-10 02:32:17 - DEBUG - Перестановка строк 22 и 47.
2024-12-10 02:32:17 - DEBUG - Выбор главного элемента в столбце 23, строка 34.
2024-12-10 02:32:17 - DEBUG - Перестановка строк 23 и 34.
2024-12-10 02:32:17 - DEBUG - Выбор главного элемента в столбце 24, строка 48.
2024-12-10 02:32:17 - DEBUG - Перестановка строк 24 и 48.
2024-12-10 02:32:17 - DEBUG - Выбор главного элемента в столбце 25, строка 32.
2024-12-10 02:32:17 - DEBUG - Перестановка строк 25 и 32.
2024-12-10 02:32:17 - DEBUG - Выбор главного элемента в столбце 26, строка 43.
2024-12-10 02:32:17 - DEBUG - Перестановка строк 26 и 43.
2024-12-10 02:32:17 - DEBUG - Выбор главного элемента в столбце 27, строка 28.
2024-12-10 02:32:17 - DEBUG - Перестановка строк 27 и 28.
2024-12-10 02:32:17 - DEBUG - Выбор главного элемента в столбце 28, строка 42.
2024-12-10 02:32:17 - DEBUG - Перестановка строк 28 и 42.
2024-12-10 02:32:17 - DEBUG - Выбор главного элемента в столбце 29, строка 29.
2024-12-10 02:32:17 - DEBUG - Выбор главного элемента в столбце 30, строка 37.
2024-12-10 02:32:17 - DEBUG - Перестановка строк 30 и 37.
2024-12-10 02:32:17 - DEBUG - Выбор главного элемента в столбце 31, строка 45.
2024-12-10 02:32:17 - DEBUG - Перестановка строк 31 и 45.
2024-12-10 02:32:17 - DEBUG - Выбор главного элемента в столбце 32, строка 43.
2024-12-10 02:32:17 - DEBUG - Перестановка строк 32 и 43.
2024-12-10 02:32:17 - DEBUG - Выбор главного элемента в столбце 33, строка 37.
2024-12-10 02:32:17 - DEBUG - Перестановка строк 33 и 37.
2024-12-10 02:32:17 - DEBUG - Выбор главного элемента в столбце 34, строка 47.
2024-12-10 02:32:17 - DEBUG - Перестановка строк 34 и 47.
2024-12-10 02:32:17 - DEBUG - Выбор главного элемента в столбце 35, строка 37.
2024-12-10 02:32:17 - DEBUG - Перестановка строк 35 и 37.
2024-12-10 02:32:17 - DEBUG - Выбор главного элемента в столбце 36, строка 44.
2024-12-10 02:32:17 - DEBUG - Перестановка строк 36 и 44.
2024-12-10 02:32:17 - DEBUG - Выбор главного элемента в столбце 37, строка 45.
2024-12-10 02:32:17 - DEBUG - Перестановка строк 37 и 45.
2024-12-10 02:32:17 - DEBUG - Выбор главного элемента в столбце 38, строка 45.
2024-12-10 02:32:17 - DEBUG - Перестановка строк 38 и 45.
2024-12-10 02:32:17 - DEBUG - Выбор главного элемента в столбце 39, строка 48.
2024-12-10 02:32:17 - DEBUG - Перестановка строк 39 и 48.
2024-12-10 02:32:17 - DEBUG - Выбор главного элемента в столбце 40, строка 43.
2024-12-10 02:32:17 - DEBUG - Перестановка строк 40 и 43.
2024-12-10 02:32:17 - DEBUG - Выбор главного элемента в столбце 41, строка 46.
2024-12-10 02:32:17 - DEBUG - Перестановка строк 41 и 46.
2024-12-10 02:32:17 - DEBUG - Выбор главного элемента в столбце 42, строка 42.
2024-12-10 02:32:17 - DEBUG - Выбор главного элемента в столбце 43, строка 46.
2024-12-10 02:32:17 - DEBUG - Перестановка строк 43 и 46.
2024-12-10 02:32:17 - DEBUG - Выбор главного элемента в столбце 44, строка 45.
2024-12-10 02:32:17 - DEBUG - Перестановка строк 44 и 45.
2024-12-10 02:32:17 - DEBUG - Выбор главного элемента в столбце 45, строка 48.
2024-12-10 02:32:17 - DEBUG - Перестановка строк 45 и 48.
2024-12-10 02:32:17 - DEBUG - Выбор главного элемента в столбце 46, строка 49.
2024-12-10 02:32:17 - DEBUG - Перестановка строк 46 и 49.
2024-12-10 02:32:17 - DEBUG - Выбор главного элемента в столбце 47, строка 48.
2024-12-10 02:32:17 - DEBUG - Перестановка строк 47 и 48.
2024-12-10 02:32:17 - DEBUG - Выбор главного элемента в столбце 48, строка 49.
2024-12-10 02:32:17 - DEBUG - Перестановка строк 48 и 49.
2024-12-10 02:32:17 - DEBUG - Выбор главного элемента в столбце 49, строка 49.
2024-12-10 02:32:17 - INFO - Система приведена к верхнему треугольному виду.
2024-12-10 02:32:17 - DEBUG - Решение для переменной 49: 0,753856735487676.
2024-12-10 02:32:17 - DEBUG - Решение для переменной 48: 1,16794894636525.
2024-12-10 02:32:17 - DEBUG - Решение для переменной 47: -2,02291705412255.
2024-12-10 02:32:17 - DEBUG - Решение для переменной 46: 3,27293733242356.
2024-12-10 02:32:17 - DEBUG - Решение для переменной 45: -0,0445737221220785.
2024-12-10 02:32:17 - DEBUG - Решение для переменной 44: 0,791346026454718.
2024-12-10 02:32:17 - DEBUG - Решение для переменной 43: -3,25195714565445.
2024-12-10 02:32:17 - DEBUG - Решение для переменной 42: 0,960753749107545.
2024-12-10 02:32:17 - DEBUG - Решение для переменной 41: -0,226569828037417.
2024-12-10 02:32:17 - DEBUG - Решение для переменной 40: 0,100353140607891.
2024-12-10 02:32:17 - DEBUG - Решение для переменной 39: 0,472405606266285.
2024-12-10 02:32:17 - DEBUG - Решение для переменной 38: -1,10726836141311.
2024-12-10 02:32:17 - DEBUG - Решение для переменной 37: 0,627996582556075.
2024-12-10 02:32:17 - DEBUG - Решение для переменной 36: -0,0502389246500015.
2024-12-10 02:32:17 - DEBUG - Решение для переменной 35: -0,400292525963202.
2024-12-10 02:32:17 - DEBUG - Решение для переменной 34: -0,27075768076007.
2024-12-10 02:32:17 - DEBUG - Решение для переменной 33: 1,24965899530999.
2024-12-10 02:32:17 - DEBUG - Решение для переменной 32: 1,32752703065364.
2024-12-10 02:32:17 - DEBUG - Решение для переменной 31: -1,54343709516655.
2024-12-10 02:32:17 - DEBUG - Решение для переменной 30: -0,662997778229804.
2024-12-10 02:32:17 - DEBUG - Решение для переменной 29: -1,41560914820116.
2024-12-10 02:32:17 - DEBUG - Решение для переменной 28: -1,32960541495138.
2024-12-10 02:32:17 - DEBUG - Решение для переменной 27: -2,46733459476519.
2024-12-10 02:32:17 - DEBUG - Решение для переменной 26: 1,93508832464539.
2024-12-10 02:32:17 - DEBUG - Решение для переменной 25: 0,759900468931646.
2024-12-10 02:32:17 - DEBUG - Решение для переменной 24: 2,54597945683966.
2024-12-10 02:32:17 - DEBUG - Решение для переменной 23: -0,345140687071567.
2024-12-10 02:32:17 - DEBUG - Решение для переменной 22: -0,844848845429866.
2024-12-10 02:32:17 - DEBUG - Решение для переменной 21: -0,852671156126579.
2024-12-10 02:32:17 - DEBUG - Решение для переменной 20: -0,721209794012793.
2024-12-10 02:32:17 - DEBUG - Решение для переменной 19: 0,058456943474482.
2024-12-10 02:32:17 - DEBUG - Решение для переменной 18: -0,130626114809551.
2024-12-10 02:32:17 - DEBUG - Решение для переменной 17: 1,98032787521629.
2024-12-10 02:32:17 - DEBUG - Решение для переменной 16: -2,23382609064082.
2024-12-10 02:32:17 - DEBUG - Решение для переменной 15: 0,02806567596347.
2024-12-10 02:32:17 - DEBUG - Решение для переменной 14: -0,81251935604239.
2024-12-10 02:32:17 - DEBUG - Решение для переменной 13: -1,18933290082183.
2024-12-10 02:32:17 - DEBUG - Решение для переменной 12: 1,45046432478151.
2024-12-10 02:32:17 - DEBUG - Решение для переменной 11: 2,82332080761956.
2024-12-10 02:32:17 - DEBUG - Решение для переменной 10: -0,269336902881162.
2024-12-10 02:32:17 - DEBUG - Решение для переменной 9: 0,990942045536006.
2024-12-10 02:32:17 - DEBUG - Решение для переменной 8: 0,968549306800147.
2024-12-10 02:32:17 - DEBUG - Решение для переменной 7: 0,272696216156831.
2024-12-10 02:32:17 - DEBUG - Решение для переменной 6: -0,562692147430208.
2024-12-10 02:32:17 - DEBUG - Решение для переменной 5: -1,38399742393906.
2024-12-10 02:32:17 - DEBUG - Решение для переменной 4: 2,36213675685197.
2024-12-10 02:32:17 - DEBUG - Решение для переменной 3: 0,994714083031024.
2024-12-10 02:32:17 - DEBUG - Решение для переменной 2: 3,01741214897885.
2024-12-10 02:32:17 - DEBUG - Решение для переменной 1: -1,34380943027406.
2024-12-10 02:32:17 - DEBUG - Решение для переменной 0: -3,36483621831123.
2024-12-10 02:32:17 - INFO - Решение получено.
2024-12-10 02:33:38 - DEBUG - Изменение количества переменных: 2
2024-12-10 02:33:38 - INFO - Количество переменных установлено: 2. Заголовки обновлены.
2024-12-10 02:33:38 - DEBUG - Изменение количества уравнений: 2. Старое количество строк: 2.
2024-12-10 02:33:38 - INFO - Количество строк в таблице обновлено. Данные восстановлены.
2024-12-10 02:38:31 - DEBUG - Изменение количества переменных: 2
2024-12-10 02:38:31 - INFO - Количество переменных установлено: 2. Заголовки обновлены.
2024-12-10 02:38:31 - DEBUG - Изменение количества уравнений: 2. Старое количество строк: 2.
2024-12-10 02:38:31 - INFO - Количество строк в таблице обновлено. Данные восстановлены.
2024-12-10 02:38:37 - INFO - Запуск метода Гаусса.
2024-12-10 02:38:37 - DEBUG - Выбор главного элемента в столбце 0, строка 5.
2024-12-10 02:38:37 - DEBUG - Перестановка строк 0 и 5.
2024-12-10 02:38:37 - DEBUG - Выбор главного элемента в столбце 1, строка 14.
2024-12-10 02:38:37 - DEBUG - Перестановка строк 1 и 14.
2024-12-10 02:38:37 - DEBUG - Выбор главного элемента в столбце 2, строка 11.
2024-12-10 02:38:37 - DEBUG - Перестановка строк 2 и 11.
2024-12-10 02:38:37 - DEBUG - Выбор главного элемента в столбце 3, строка 35.
2024-12-10 02:38:37 - DEBUG - Перестановка строк 3 и 35.
2024-12-10 02:38:37 - DEBUG - Выбор главного элемента в столбце 4, строка 39.
2024-12-10 02:38:37 - DEBUG - Перестановка строк 4 и 39.
2024-12-10 02:38:37 - DEBUG - Выбор главного элемента в столбце 5, строка 17.
2024-12-10 02:38:37 - DEBUG - Перестановка строк 5 и 17.
2024-12-10 02:38:37 - DEBUG - Выбор главного элемента в столбце 6, строка 28.
2024-12-10 02:38:37 - DEBUG - Перестановка строк 6 и 28.
2024-12-10 02:38:37 - DEBUG - Выбор главного элемента в столбце 7, строка 37.
2024-12-10 02:38:37 - DEBUG - Перестановка строк 7 и 37.
2024-12-10 02:38:37 - DEBUG - Выбор главного элемента в столбце 8, строка 28.
2024-12-10 02:38:37 - DEBUG - Перестановка строк 8 и 28.
2024-12-10 02:38:37 - DEBUG - Выбор главного элемента в столбце 9, строка 13.
2024-12-10 02:38:37 - DEBUG - Перестановка строк 9 и 13.
2024-12-10 02:38:37 - DEBUG - Выбор главного элемента в столбце 10, строка 23.
2024-12-10 02:38:37 - DEBUG - Перестановка строк 10 и 23.
2024-12-10 02:38:37 - DEBUG - Выбор главного элемента в столбце 11, строка 36.
2024-12-10 02:38:37 - DEBUG - Перестановка строк 11 и 36.
2024-12-10 02:38:37 - DEBUG - Выбор главного элемента в столбце 12, строка 47.
2024-12-10 02:38:37 - DEBUG - Перестановка строк 12 и 47.
2024-12-10 02:38:37 - DEBUG - Выбор главного элемента в столбце 13, строка 19.
2024-12-10 02:38:37 - DEBUG - Перестановка строк 13 и 19.
2024-12-10 02:38:37 - DEBUG - Выбор главного элемента в столбце 14, строка 16.
2024-12-10 02:38:37 - DEBUG - Перестановка строк 14 и 16.
2024-12-10 02:38:37 - DEBUG - Выбор главного элемента в столбце 15, строка 20.
2024-12-10 02:38:37 - DEBUG - Перестановка строк 15 и 20.
2024-12-10 02:38:37 - DEBUG - Выбор главного элемента в столбце 16, строка 21.
2024-12-10 02:38:37 - DEBUG - Перестановка строк 16 и 21.
2024-12-10 02:38:37 - DEBUG - Выбор главного элемента в столбце 17, строка 37.
2024-12-10 02:38:37 - DEBUG - Перестановка строк 17 и 37.
2024-12-10 02:38:37 - DEBUG - Выбор главного элемента в столбце 18, строка 36.
2024-12-10 02:38:37 - DEBUG - Перестановка строк 18 и 36.
2024-12-10 02:38:37 - DEBUG - Выбор главного элемента в столбце 19, строка 32.
2024-12-10 02:38:37 - DEBUG - Перестановка строк 19 и 32.
2024-12-10 02:38:37 - DEBUG - Выбор главного элемента в столбце 20, строка 33.
2024-12-10 02:38:37 - DEBUG - Перестановка строк 20 и 33.
2024-12-10 02:38:37 - DEBUG - Выбор главного элемента в столбце 21, строка 36.
2024-12-10 02:38:37 - DEBUG - Перестановка строк 21 и 36.
2024-12-10 02:38:37 - DEBUG - Выбор главного элемента в столбце 22, строка 47.
2024-12-10 02:38:37 - DEBUG - Перестановка строк 22 и 47.
2024-12-10 02:38:37 - DEBUG - Выбор главного элемента в столбце 23, строка 34.
2024-12-10 02:38:37 - DEBUG - Перестановка строк 23 и 34.
2024-12-10 02:38:37 - DEBUG - Выбор главного элемента в столбце 24, строка 48.
2024-12-10 02:38:37 - DEBUG - Перестановка строк 24 и 48.
2024-12-10 02:38:37 - DEBUG - Выбор главного элемента в столбце 25, строка 32.
2024-12-10 02:38:37 - DEBUG - Перестановка строк 25 и 32.
2024-12-10 02:38:37 - DEBUG - Выбор главного элемента в столбце 26, строка 43.
2024-12-10 02:38:37 - DEBUG - Перестановка строк 26 и 43.
2024-12-10 02:38:37 - DEBUG - Выбор главного элемента в столбце 27, строка 28.
2024-12-10 02:38:37 - DEBUG - Перестановка строк 27 и 28.
2024-12-10 02:38:37 - DEBUG - Выбор главного элемента в столбце 28, строка 42.
2024-12-10 02:38:37 - DEBUG - Перестановка строк 28 и 42.
2024-12-10 02:38:37 - DEBUG - Выбор главного элемента в столбце 29, строка 29.
2024-12-10 02:38:37 - DEBUG - Выбор главного элемента в столбце 30, строка 37.
2024-12-10 02:38:37 - DEBUG - Перестановка строк 30 и 37.
2024-12-10 02:38:37 - DEBUG - Выбор главного элемента в столбце 31, строка 45.
2024-12-10 02:38:37 - DEBUG - Перестановка строк 31 и 45.
2024-12-10 02:38:37 - DEBUG - Выбор главного элемента в столбце 32, строка 43.
2024-12-10 02:38:37 - DEBUG - Перестановка строк 32 и 43.
2024-12-10 02:38:37 - DEBUG - Выбор главного элемента в столбце 33, строка 37.
2024-12-10 02:38:37 - DEBUG - Перестановка строк 33 и 37.
2024-12-10 02:38:37 - DEBUG - Выбор главного элемента в столбце 34, строка 47.
2024-12-10 02:38:37 - DEBUG - Перестановка строк 34 и 47.
2024-12-10 02:38:37 - DEBUG - Выбор главного элемента в столбце 35, строка 37.
2024-12-10 02:38:37 - DEBUG - Перестановка строк 35 и 37.
2024-12-10 02:38:37 - DEBUG - Выбор главного элемента в столбце 36, строка 44.
2024-12-10 02:38:37 - DEBUG - Перестановка строк 36 и 44.
2024-12-10 02:38:37 - DEBUG - Выбор главного элемента в столбце 37, строка 45.
2024-12-10 02:38:37 - DEBUG - Перестановка строк 37 и 45.
2024-12-10 02:38:37 - DEBUG - Выбор главного элемента в столбце 38, строка 45.
2024-12-10 02:38:37 - DEBUG - Перестановка строк 38 и 45.
2024-12-10 02:38:37 - DEBUG - Выбор главного элемента в столбце 39, строка 48.
2024-12-10 02:38:37 - DEBUG - Перестановка строк 39 и 48.
2024-12-10 02:38:37 - DEBUG - Выбор главного элемента в столбце 40, строка 43.
2024-12-10 02:38:37 - DEBUG - Перестановка строк 40 и 43.
2024-12-10 02:38:37 - DEBUG - Выбор главного элемента в столбце 41, строка 46.
2024-12-10 02:38:37 - DEBUG - Перестановка строк 41 и 46.
2024-12-10 02:38:37 - DEBUG - Выбор главного элемента в столбце 42, строка 42.
2024-12-10 02:38:37 - DEBUG - Выбор главного элемента в столбце 43, строка 46.
2024-12-10 02:38:37 - DEBUG - Перестановка строк 43 и 46.
2024-12-10 02:38:37 - DEBUG - Выбор главного элемента в столбце 44, строка 45.
2024-12-10 02:38:37 - DEBUG - Перестановка строк 44 и 45.
2024-12-10 02:38:37 - DEBUG - Выбор главного элемента в столбце 45, строка 48.
2024-12-10 02:38:37 - DEBUG - Перестановка строк 45 и 48.
2024-12-10 02:38:37 - DEBUG - Выбор главного элемента в столбце 46, строка 49.
2024-12-10 02:38:37 - DEBUG - Перестановка строк 46 и 49.
2024-12-10 02:38:37 - DEBUG - Выбор главного элемента в столбце 47, строка 48.
2024-12-10 02:38:37 - DEBUG - Перестановка строк 47 и 48.
2024-12-10 02:38:37 - DEBUG - Выбор главного элемента в столбце 48, строка 49.
2024-12-10 02:38:37 - DEBUG - Перестановка строк 48 и 49.
2024-12-10 02:38:37 - DEBUG - Выбор главного элемента в столбце 49, строка 49.
2024-12-10 02:38:37 - INFO - Система приведена к верхнему треугольному виду.
2024-12-10 02:38:37 - DEBUG - Решение для переменной 49: 0,753856735487676.
2024-12-10 02:38:37 - DEBUG - Решение для переменной 48: 1,16794894636525.
2024-12-10 02:38:37 - DEBUG - Решение для переменной 47: -2,02291705412255.
2024-12-10 02:38:37 - DEBUG - Решение для переменной 46: 3,27293733242356.
2024-12-10 02:38:37 - DEBUG - Решение для переменной 45: -0,0445737221220785.
2024-12-10 02:38:37 - DEBUG - Решение для переменной 44: 0,791346026454718.
2024-12-10 02:38:37 - DEBUG - Решение для переменной 43: -3,25195714565445.
2024-12-10 02:38:37 - DEBUG - Решение для переменной 42: 0,960753749107545.
2024-12-10 02:38:37 - DEBUG - Решение для переменной 41: -0,226569828037417.
2024-12-10 02:38:37 - DEBUG - Решение для переменной 40: 0,100353140607891.
2024-12-10 02:38:37 - DEBUG - Решение для переменной 39: 0,472405606266285.
2024-12-10 02:38:37 - DEBUG - Решение для переменной 38: -1,10726836141311.
2024-12-10 02:38:37 - DEBUG - Решение для переменной 37: 0,627996582556075.
2024-12-10 02:38:37 - DEBUG - Решение для переменной 36: -0,0502389246500015.
2024-12-10 02:38:37 - DEBUG - Решение для переменной 35: -0,400292525963202.
2024-12-10 02:38:37 - DEBUG - Решение для переменной 34: -0,27075768076007.
2024-12-10 02:38:37 - DEBUG - Решение для переменной 33: 1,24965899530999.
2024-12-10 02:38:37 - DEBUG - Решение для переменной 32: 1,32752703065364.
2024-12-10 02:38:37 - DEBUG - Решение для переменной 31: -1,54343709516655.
2024-12-10 02:38:37 - DEBUG - Решение для переменной 30: -0,662997778229804.
2024-12-10 02:38:37 - DEBUG - Решение для переменной 29: -1,41560914820116.
2024-12-10 02:38:37 - DEBUG - Решение для переменной 28: -1,32960541495138.
2024-12-10 02:38:37 - DEBUG - Решение для переменной 27: -2,46733459476519.
2024-12-10 02:38:37 - DEBUG - Решение для переменной 26: 1,93508832464539.
2024-12-10 02:38:37 - DEBUG - Решение для переменной 25: 0,759900468931646.
2024-12-10 02:38:37 - DEBUG - Решение для переменной 24: 2,54597945683966.
2024-12-10 02:38:37 - DEBUG - Решение для переменной 23: -0,345140687071567.
2024-12-10 02:38:37 - DEBUG - Решение для переменной 22: -0,844848845429866.
2024-12-10 02:38:37 - DEBUG - Решение для переменной 21: -0,852671156126579.
2024-12-10 02:38:37 - DEBUG - Решение для переменной 20: -0,721209794012793.
2024-12-10 02:38:37 - DEBUG - Решение для переменной 19: 0,058456943474482.
2024-12-10 02:38:37 - DEBUG - Решение для переменной 18: -0,130626114809551.
2024-12-10 02:38:37 - DEBUG - Решение для переменной 17: 1,98032787521629.
2024-12-10 02:38:37 - DEBUG - Решение для переменной 16: -2,23382609064082.
2024-12-10 02:38:37 - DEBUG - Решение для переменной 15: 0,02806567596347.
2024-12-10 02:38:37 - DEBUG - Решение для переменной 14: -0,81251935604239.
2024-12-10 02:38:37 - DEBUG - Решение для переменной 13: -1,18933290082183.
2024-12-10 02:38:37 - DEBUG - Решение для переменной 12: 1,45046432478151.
2024-12-10 02:38:37 - DEBUG - Решение для переменной 11: 2,82332080761956.
2024-12-10 02:38:37 - DEBUG - Решение для переменной 10: -0,269336902881162.
2024-12-10 02:38:37 - DEBUG - Решение для переменной 9: 0,990942045536006.
2024-12-10 02:38:37 - DEBUG - Решение для переменной 8: 0,968549306800147.
2024-12-10 02:38:37 - DEBUG - Решение для переменной 7: 0,272696216156831.
2024-12-10 02:38:37 - DEBUG - Решение для переменной 6: -0,562692147430208.
2024-12-10 02:38:37 - DEBUG - Решение для переменной 5: -1,38399742393906.
2024-12-10 02:38:37 - DEBUG - Решение для переменной 4: 2,36213675685197.
2024-12-10 02:38:37 - DEBUG - Решение для переменной 3: 0,994714083031024.
2024-12-10 02:38:37 - DEBUG - Решение для переменной 2: 3,01741214897885.
2024-12-10 02:38:37 - DEBUG - Решение для переменной 1: -1,34380943027406.
2024-12-10 02:38:37 - DEBUG - Решение для переменной 0: -3,36483621831123.
2024-12-10 02:38:37 - INFO - Решение получено.
2024-12-10 02:38:51 - INFO - Запуск диалога печати
2024-12-10 02:39:02 - INFO - Принтер выбран, начинается печать
2024-12-10 02:39:33 - INFO - Запуск диалога печати
2024-12-10 02:39:36 - INFO - Принтер выбран, начинается печать
2024-12-10 02:45:58 - DEBUG - Изменение количества переменных: 2
2024-12-10 02:45:58 - INFO - Количество переменных установлено: 2. Заголовки обновлены.
2024-12-10 02:45:58 - DEBUG - Изменение количества уравнений: 2. Старое количество строк: 2.
2024-12-10 02:45:58 - INFO - Количество строк в таблице обновлено. Данные восстановлены.
2024-12-10 02:46:07 - DEBUG - Изменение количества переменных: 2
2024-12-10 02:46:07 - INFO - Количество переменных установлено: 2. Заголовки обновлены.
2024-12-10 02:46:07 - DEBUG - Изменение количества уравнений: 2. Старое количество строк: 2.
2024-12-10 02:46:07 - INFO - Количество строк в таблице обновлено. Данные восстановлены.
2024-12-10 02:53:21 - DEBUG - Изменение количества переменных: 2
2024-12-10 02:53:21 - INFO - Количество переменных установлено: 2. Заголовки обновлены.
2024-12-10 02:53:21 - DEBUG - Изменение количества уравнений: 2. Старое количество строк: 2.
2024-12-10 02:53:21 - INFO - Количество строк в таблице обновлено. Данные восстановлены.
